c:\users\user\onedrive\audinos\synassembler\audioengine\release\audioengine.lib
c:\users\user\onedrive\audinos\synassembler\audioengine\release\audioengine.exp
c:\users\user\onedrive\audinos\synassembler\audioengine\release\audioengine.ipdb
c:\users\user\onedrive\audinos\synassembler\audioengine\release\audioengine.iobj
c:\users\user\onedrive\audinos\synassembler\audioengine\audioengine\release\audioengine.pch
c:\users\user\onedrive\audinos\synassembler\audioengine\audioengine\release\vc142.pdb
c:\users\user\onedrive\audinos\synassembler\audioengine\audioengine\release\stdafx.obj
c:\users\user\onedrive\audinos\synassembler\audioengine\audioengine\release\factoryretriever.obj
c:\users\user\onedrive\audinos\synassembler\audioengine\audioengine\release\timebase.obj
c:\users\user\onedrive\audinos\synassembler\audioengine\audioengine\release\textfile.obj
c:\users\user\onedrive\audinos\synassembler\audioengine\audioengine\release\stringproperty.obj
c:\users\user\onedrive\audinos\synassembler\audioengine\audioengine\release\propertyvaluesholder.obj
c:\users\user\onedrive\audinos\synassembler\audioengine\audioengine\release\mutexproxy.obj
c:\users\user\onedrive\audinos\synassembler\audioengine\audioengine\release\logger.obj
c:\users\user\onedrive\audinos\synassembler\audioengine\audioengine\release\integerproperty.obj
c:\users\user\onedrive\audinos\synassembler\audioengine\audioengine\release\hpslib.obj
c:\users\user\onedrive\audinos\synassembler\audioengine\audioengine\release\gainproperty.obj
c:\users\user\onedrive\audinos\synassembler\audioengine\audioengine\release\gainindexedproperty.obj
c:\users\user\onedrive\audinos\synassembler\audioengine\audioengine\release\booleanproperty.obj
c:\users\user\onedrive\audinos\synassembler\audioengine\audioengine\release\abstractproperty.obj
c:\users\user\onedrive\audinos\synassembler\audioengine\audioengine\release\wavelogger.obj
c:\users\user\onedrive\audinos\synassembler\audioengine\audioengine\release\wavegeneratofacilities.obj
c:\users\user\onedrive\audinos\synassembler\audioengine\audioengine\release\simpleenvelope.obj
c:\users\user\onedrive\audinos\synassembler\audioengine\audioengine\release\lfo.obj
c:\users\user\onedrive\audinos\synassembler\audioengine\audioengine\release\adsr.obj
c:\users\user\onedrive\audinos\synassembler\audioengine\audioengine\release\abstracteukind.obj
c:\users\user\onedrive\audinos\synassembler\audioengine\audioengine\release\audioengine.obj
c:\users\user\onedrive\audinos\synassembler\audioengine\audioengine\release\virtualelaborationunit.obj
c:\users\user\onedrive\audinos\synassembler\audioengine\audioengine\release\proxyelaborationunit.obj
c:\users\user\onedrive\audinos\synassembler\audioengine\audioengine\release\physicalelaborationunit.obj
c:\users\user\onedrive\audinos\synassembler\audioengine\audioengine\release\moduleservices.obj
c:\users\user\onedrive\audinos\synassembler\audioengine\audioengine\release\midichannelmessage.obj
c:\users\user\onedrive\audinos\synassembler\audioengine\audioengine\release\eukind.obj
c:\users\user\onedrive\audinos\synassembler\audioengine\audioengine\release\elaborationunitport.obj
c:\users\user\onedrive\audinos\synassembler\audioengine\audioengine\release\elaborationunitfactory.obj
c:\users\user\onedrive\audinos\synassembler\audioengine\audioengine\release\elaborationunit.obj
c:\users\user\onedrive\audinos\synassembler\audioengine\audioengine\release\concreteport.obj
c:\users\user\onedrive\audinos\synassembler\audioengine\audioengine\release\audiooutput.obj
c:\users\user\onedrive\audinos\synassembler\audioengine\audioengine\release\algorithm.obj
c:\users\user\onedrive\audinos\synassembler\audioengine\audioengine\release\abstractphysicalelaborationunitfactory.obj
c:\users\user\onedrive\audinos\synassembler\audioengine\audioengine\release\abstractelaborationunitfactory.obj
c:\users\user\onedrive\audinos\synassembler\audioengine\audioengine\release\abstractelaborationunit.obj
c:\users\user\onedrive\audinos\synassembler\audioengine\audioengine\release\dllmain.obj
c:\users\user\onedrive\audinos\synassembler\audioengine\release\audioengine.dll
c:\users\user\onedrive\audinos\synassembler\audioengine\release\audioengine.pdb
c:\users\user\onedrive\audinos\synassembler\audioengine\audioengine\release\audioengine.tlog\audioengine.write.1u.tlog
c:\users\user\onedrive\audinos\synassembler\audioengine\audioengine\release\audioengine.tlog\cl.command.1.tlog
c:\users\user\onedrive\audinos\synassembler\audioengine\audioengine\release\audioengine.tlog\cl.read.1.tlog
c:\users\user\onedrive\audinos\synassembler\audioengine\audioengine\release\audioengine.tlog\cl.write.1.tlog
c:\users\user\onedrive\audinos\synassembler\audioengine\audioengine\release\audioengine.tlog\link.command.1.tlog
c:\users\user\onedrive\audinos\synassembler\audioengine\audioengine\release\audioengine.tlog\link.read.1.tlog
c:\users\user\onedrive\audinos\synassembler\audioengine\audioengine\release\audioengine.tlog\link.write.1.tlog
