c:\users\user\onedrive\audinos\synassembler\audioengine\x64\debug\basicelaborationunits.lib
c:\users\user\onedrive\audinos\synassembler\audioengine\x64\debug\basicelaborationunits.exp
c:\users\user\onedrive\audinos\synassembler\audioengine\basicelaborationunits\x64\debug\vc142.pdb
c:\users\user\onedrive\audinos\synassembler\audioengine\basicelaborationunits\x64\debug\stringproperty.obj
c:\users\user\onedrive\audinos\synassembler\audioengine\basicelaborationunits\x64\debug\propertyvaluesholder.obj
c:\users\user\onedrive\audinos\synassembler\audioengine\basicelaborationunits\x64\debug\mutexproxy.obj
c:\users\user\onedrive\audinos\synassembler\audioengine\basicelaborationunits\x64\debug\logger.obj
c:\users\user\onedrive\audinos\synassembler\audioengine\basicelaborationunits\x64\debug\integerproperty.obj
c:\users\user\onedrive\audinos\synassembler\audioengine\basicelaborationunits\x64\debug\hpslib.obj
c:\users\user\onedrive\audinos\synassembler\audioengine\basicelaborationunits\x64\debug\gainproperty.obj
c:\users\user\onedrive\audinos\synassembler\audioengine\basicelaborationunits\x64\debug\gainindexedproperty.obj
c:\users\user\onedrive\audinos\synassembler\audioengine\basicelaborationunits\x64\debug\booleanproperty.obj
c:\users\user\onedrive\audinos\synassembler\audioengine\basicelaborationunits\x64\debug\abstractproperty.obj
c:\users\user\onedrive\audinos\synassembler\audioengine\basicelaborationunits\x64\debug\wavegeneratofacilities.obj
c:\users\user\onedrive\audinos\synassembler\audioengine\basicelaborationunits\x64\debug\voiceupdater.obj
c:\users\user\onedrive\audinos\synassembler\audioengine\basicelaborationunits\x64\debug\voiceproxy.obj
c:\users\user\onedrive\audinos\synassembler\audioengine\basicelaborationunits\x64\debug\voicelifo.obj
c:\users\user\onedrive\audinos\synassembler\audioengine\basicelaborationunits\x64\debug\simplevoice.obj
c:\users\user\onedrive\audinos\synassembler\audioengine\basicelaborationunits\x64\debug\simplegenerator.obj
c:\users\user\onedrive\audinos\synassembler\audioengine\basicelaborationunits\x64\debug\simpleenvelope.obj
c:\users\user\onedrive\audinos\synassembler\audioengine\basicelaborationunits\x64\debug\lfo.obj
c:\users\user\onedrive\audinos\synassembler\audioengine\basicelaborationunits\x64\debug\adsr.obj
c:\users\user\onedrive\audinos\synassembler\audioengine\basicelaborationunits\x64\debug\abstracteukind.obj
c:\users\user\onedrive\audinos\synassembler\audioengine\basicelaborationunits\x64\debug\midichannelmessage.obj
c:\users\user\onedrive\audinos\synassembler\audioengine\basicelaborationunits\x64\debug\eukind.obj
c:\users\user\onedrive\audinos\synassembler\audioengine\basicelaborationunits\x64\debug\elaborationunitport.obj
c:\users\user\onedrive\audinos\synassembler\audioengine\basicelaborationunits\x64\debug\elaborationunitfactory.obj
c:\users\user\onedrive\audinos\synassembler\audioengine\basicelaborationunits\x64\debug\elaborationunit.obj
c:\users\user\onedrive\audinos\synassembler\audioengine\basicelaborationunits\x64\debug\concreteport.obj
c:\users\user\onedrive\audinos\synassembler\audioengine\basicelaborationunits\x64\debug\audiooutput.obj
c:\users\user\onedrive\audinos\synassembler\audioengine\basicelaborationunits\x64\debug\algorithm.obj
c:\users\user\onedrive\audinos\synassembler\audioengine\basicelaborationunits\x64\debug\abstractelaborationunitfactory.obj
c:\users\user\onedrive\audinos\synassembler\audioengine\basicelaborationunits\x64\debug\abstractelaborationunit.obj
c:\users\user\onedrive\audinos\synassembler\audioengine\basicelaborationunits\x64\debug\oscillatorkind.obj
c:\users\user\onedrive\audinos\synassembler\audioengine\basicelaborationunits\x64\debug\oscillator.obj
c:\users\user\onedrive\audinos\synassembler\audioengine\basicelaborationunits\x64\debug\mixerkind.obj
c:\users\user\onedrive\audinos\synassembler\audioengine\basicelaborationunits\x64\debug\mixer.obj
c:\users\user\onedrive\audinos\synassembler\audioengine\basicelaborationunits\x64\debug\midisequenceplayerkind.obj
c:\users\user\onedrive\audinos\synassembler\audioengine\basicelaborationunits\x64\debug\midisequenceplayer.obj
c:\users\user\onedrive\audinos\synassembler\audioengine\basicelaborationunits\x64\debug\basiceufactory.obj
c:\users\user\onedrive\audinos\synassembler\audioengine\basicelaborationunits\x64\debug\basicelaborationunits.obj
c:\users\user\onedrive\audinos\synassembler\audioengine\basicelaborationunits\x64\debug\timebase.obj
c:\users\user\onedrive\audinos\synassembler\audioengine\basicelaborationunits\x64\debug\textfile.obj
c:\users\user\onedrive\audinos\synassembler\audioengine\basicelaborationunits\x64\debug\pcmwaveformkind.obj
c:\users\user\onedrive\audinos\synassembler\audioengine\basicelaborationunits\x64\debug\pcmwaveform.obj
c:\users\user\onedrive\audinos\synassembler\audioengine\basicelaborationunits\x64\debug\virtualelaborationunit.obj
c:\users\user\onedrive\audinos\synassembler\audioengine\basicelaborationunits\x64\debug\proxyelaborationunit.obj
c:\users\user\onedrive\audinos\synassembler\audioengine\basicelaborationunits\x64\debug\physicalelaborationunit.obj
c:\users\user\onedrive\audinos\synassembler\audioengine\basicelaborationunits\x64\debug\moduleservices.obj
c:\users\user\onedrive\audinos\synassembler\audioengine\x64\debug\basicelaborationunits.dll
c:\users\user\onedrive\audinos\synassembler\audioengine\x64\debug\basicelaborationunits.ilk
c:\users\user\onedrive\audinos\synassembler\audioengine\x64\debug\basicelaborationunits.pdb
c:\users\user\onedrive\audinos\synassembler\audioengine\basicelaborationunits\x64\debug\basicela.23b71ccd.tlog\basicelaborationunits.write.1u.tlog
c:\users\user\onedrive\audinos\synassembler\audioengine\basicelaborationunits\x64\debug\basicela.23b71ccd.tlog\cl.command.1.tlog
c:\users\user\onedrive\audinos\synassembler\audioengine\basicelaborationunits\x64\debug\basicela.23b71ccd.tlog\cl.read.1.tlog
c:\users\user\onedrive\audinos\synassembler\audioengine\basicelaborationunits\x64\debug\basicela.23b71ccd.tlog\cl.write.1.tlog
c:\users\user\onedrive\audinos\synassembler\audioengine\basicelaborationunits\x64\debug\basicela.23b71ccd.tlog\link.command.1.tlog
c:\users\user\onedrive\audinos\synassembler\audioengine\basicelaborationunits\x64\debug\basicela.23b71ccd.tlog\link.read.1.tlog
c:\users\user\onedrive\audinos\synassembler\audioengine\basicelaborationunits\x64\debug\basicela.23b71ccd.tlog\link.write.1.tlog
