  AbstractEUKind.cpp
C:\Users\user\OneDrive\Audinos\SynAssembler\AudioEngine\AudioEngine\ElaborationUnits\AbstractEUKind.cpp(12,36): warning C4267: 'inizializzazione': conversione da 'size_t' a 'int'. Possibile perdita di dati.
C:\Users\user\OneDrive\Audinos\SynAssembler\AudioEngine\AudioEngine\ElaborationUnits\AbstractEUKind.cpp(22,28): warning C4267: 'return': conversione da 'size_t' a 'const int'. Possibile perdita di dati.
  ADSR.cpp
  LFO.cpp
  SimpleEnvelope.cpp
C:\Users\user\OneDrive\Audinos\SynAssembler\AudioEngine\AudioEngine\Facilities\Audio\SimpleEnvelope.cpp(28,19): warning C4244: '=': conversione da 'double' a 'int'. Possibile perdita di dati.
C:\Users\user\OneDrive\Audinos\SynAssembler\AudioEngine\AudioEngine\Facilities\Audio\SimpleEnvelope.cpp(29,18): warning C4244: '=': conversione da 'double' a 'int'. Possibile perdita di dati.
C:\Users\user\OneDrive\Audinos\SynAssembler\AudioEngine\AudioEngine\Facilities\Audio\SimpleEnvelope.cpp(30,20): warning C4244: '=': conversione da 'double' a 'int'. Possibile perdita di dati.
  SimpleGenerator.cpp
C:\Users\user\OneDrive\Audinos\SynAssembler\AudioEngine\AudioEngine\Facilities\Audio\SimpleGenerator.h(97,3): warning C4996: 'sprintf': This function or variable may be unsafe. Consider using sprintf_s instead. To disable deprecation, use _CRT_SECURE_NO_WARNINGS. See online help for details.
C:\Users\user\OneDrive\Audinos\SynAssembler\AudioEngine\AudioEngine\Facilities\Audio\SimpleGenerator.h(115,3): warning C4996: 'sprintf': This function or variable may be unsafe. Consider using sprintf_s instead. To disable deprecation, use _CRT_SECURE_NO_WARNINGS. See online help for details.
C:\Users\user\OneDrive\Audinos\SynAssembler\AudioEngine\AudioEngine\Facilities\Audio\SimpleGenerator.h(133,3): warning C4996: 'sprintf': This function or variable may be unsafe. Consider using sprintf_s instead. To disable deprecation, use _CRT_SECURE_NO_WARNINGS. See online help for details.
C:\Users\user\OneDrive\Audinos\SynAssembler\AudioEngine\AudioEngine\Facilities\Audio\SimpleGenerator.h(151,3): warning C4996: 'sprintf': This function or variable may be unsafe. Consider using sprintf_s instead. To disable deprecation, use _CRT_SECURE_NO_WARNINGS. See online help for details.
C:\Users\user\OneDrive\Audinos\SynAssembler\AudioEngine\AudioEngine\Facilities\Audio\SimpleGenerator.h(169,3): warning C4996: 'sprintf': This function or variable may be unsafe. Consider using sprintf_s instead. To disable deprecation, use _CRT_SECURE_NO_WARNINGS. See online help for details.
C:\Users\user\OneDrive\Audinos\SynAssembler\AudioEngine\AudioEngine\Facilities\Audio\SimpleGenerator.h(187,3): warning C4996: 'sprintf': This function or variable may be unsafe. Consider using sprintf_s instead. To disable deprecation, use _CRT_SECURE_NO_WARNINGS. See online help for details.
C:\Users\user\OneDrive\Audinos\SynAssembler\AudioEngine\AudioEngine\Facilities\Audio\SimpleGenerator.h(205,3): warning C4996: 'sprintf': This function or variable may be unsafe. Consider using sprintf_s instead. To disable deprecation, use _CRT_SECURE_NO_WARNINGS. See online help for details.
C:\Users\user\OneDrive\Audinos\SynAssembler\AudioEngine\AudioEngine\Facilities\Audio\SimpleGenerator.h(223,3): warning C4996: 'sprintf': This function or variable may be unsafe. Consider using sprintf_s instead. To disable deprecation, use _CRT_SECURE_NO_WARNINGS. See online help for details.
C:\Users\user\OneDrive\Audinos\SynAssembler\AudioEngine\AudioEngine\Facilities\Audio\SimpleGenerator.h(241,3): warning C4996: 'sprintf': This function or variable may be unsafe. Consider using sprintf_s instead. To disable deprecation, use _CRT_SECURE_NO_WARNINGS. See online help for details.
C:\Users\user\OneDrive\Audinos\SynAssembler\AudioEngine\AudioEngine\Facilities\Audio\SimpleGenerator.h(259,3): warning C4996: 'sprintf': This function or variable may be unsafe. Consider using sprintf_s instead. To disable deprecation, use _CRT_SECURE_NO_WARNINGS. See online help for details.
C:\Users\user\OneDrive\Audinos\SynAssembler\AudioEngine\AudioEngine\Facilities\Audio\SimpleGenerator.h(277,3): warning C4996: 'sprintf': This function or variable may be unsafe. Consider using sprintf_s instead. To disable deprecation, use _CRT_SECURE_NO_WARNINGS. See online help for details.
C:\Users\user\OneDrive\Audinos\SynAssembler\AudioEngine\AudioEngine\Facilities\Audio\SimpleGenerator.h(296,3): warning C4996: 'sprintf': This function or variable may be unsafe. Consider using sprintf_s instead. To disable deprecation, use _CRT_SECURE_NO_WARNINGS. See online help for details.
C:\Users\user\OneDrive\Audinos\SynAssembler\AudioEngine\AudioEngine\Facilities\Audio\SimpleGenerator.h(315,3): warning C4996: 'sprintf': This function or variable may be unsafe. Consider using sprintf_s instead. To disable deprecation, use _CRT_SECURE_NO_WARNINGS. See online help for details.
  SimpleVoice.cpp
  VoiceLIFO.cpp
  VoiceProxy.cpp
  VoiceUpdater.cpp
  WaveGeneratoFacilities.cpp
  AbstractProperty.cpp
  BooleanProperty.cpp
C:\Users\user\OneDrive\Audinos\SynAssembler\AudioEngine\AudioEngine\Facilities\General\BooleanProperty.cpp(17,3): warning C4996: 'strncpy': This function or variable may be unsafe. Consider using strncpy_s instead. To disable deprecation, use _CRT_SECURE_NO_WARNINGS. See online help for details.
C:\Users\user\OneDrive\Audinos\SynAssembler\AudioEngine\AudioEngine\Facilities\General\BooleanProperty.cpp(18,3): warning C4996: 'strncpy': This function or variable may be unsafe. Consider using strncpy_s instead. To disable deprecation, use _CRT_SECURE_NO_WARNINGS. See online help for details.
  GainIndexedProperty.cpp
  GainProperty.cpp
C:\Users\user\OneDrive\Audinos\SynAssembler\AudioEngine\AudioEngine\Facilities\General\GainProperty.cpp(20,3): warning C4996: 'strncpy': This function or variable may be unsafe. Consider using strncpy_s instead. To disable deprecation, use _CRT_SECURE_NO_WARNINGS. See online help for details.
C:\Users\user\OneDrive\Audinos\SynAssembler\AudioEngine\AudioEngine\Facilities\General\GainProperty.cpp(21,3): warning C4996: 'strncpy': This function or variable may be unsafe. Consider using strncpy_s instead. To disable deprecation, use _CRT_SECURE_NO_WARNINGS. See online help for details.
  hpslib.cpp
  IntegerProperty.cpp
C:\Users\user\OneDrive\Audinos\SynAssembler\AudioEngine\AudioEngine\Facilities\General\IntegerProperty.cpp(21,3): warning C4996: 'strncpy': This function or variable may be unsafe. Consider using strncpy_s instead. To disable deprecation, use _CRT_SECURE_NO_WARNINGS. See online help for details.
C:\Users\user\OneDrive\Audinos\SynAssembler\AudioEngine\AudioEngine\Facilities\General\IntegerProperty.cpp(22,3): warning C4996: 'strncpy': This function or variable may be unsafe. Consider using strncpy_s instead. To disable deprecation, use _CRT_SECURE_NO_WARNINGS. See online help for details.
  Logger.cpp
C:\Users\user\OneDrive\Audinos\SynAssembler\AudioEngine\AudioEngine\Facilities\General\Logger.cpp(45,37): warning C4267: 'inizializzazione': conversione da 'size_t' a 'int'. Possibile perdita di dati.
C:\Users\user\OneDrive\Audinos\SynAssembler\AudioEngine\AudioEngine\Facilities\General\Logger.cpp(44,2): warning C4996: 'sprintf': This function or variable may be unsafe. Consider using sprintf_s instead. To disable deprecation, use _CRT_SECURE_NO_WARNINGS. See online help for details.
C:\Users\user\OneDrive\Audinos\SynAssembler\AudioEngine\AudioEngine\Facilities\General\Logger.cpp(47,2): warning C4996: 'strncpy': This function or variable may be unsafe. Consider using strncpy_s instead. To disable deprecation, use _CRT_SECURE_NO_WARNINGS. See online help for details.
C:\Users\user\OneDrive\Audinos\SynAssembler\AudioEngine\AudioEngine\Facilities\General\Logger.cpp(48,2): warning C4996: 'strncpy': This function or variable may be unsafe. Consider using strncpy_s instead. To disable deprecation, use _CRT_SECURE_NO_WARNINGS. See online help for details.
C:\Users\user\OneDrive\Audinos\SynAssembler\AudioEngine\AudioEngine\Facilities\General\Logger.cpp(61,37): warning C4267: 'inizializzazione': conversione da 'size_t' a 'int'. Possibile perdita di dati.
C:\Users\user\OneDrive\Audinos\SynAssembler\AudioEngine\AudioEngine\Facilities\General\Logger.cpp(64,2): warning C4996: 'wcsncpy': This function or variable may be unsafe. Consider using wcsncpy_s instead. To disable deprecation, use _CRT_SECURE_NO_WARNINGS. See online help for details.
C:\Users\user\OneDrive\Audinos\SynAssembler\AudioEngine\AudioEngine\Facilities\General\Logger.cpp(65,2): warning C4996: 'wcsncpy': This function or variable may be unsafe. Consider using wcsncpy_s instead. To disable deprecation, use _CRT_SECURE_NO_WARNINGS. See online help for details.
C:\Users\user\OneDrive\Audinos\SynAssembler\AudioEngine\AudioEngine\Facilities\General\Logger.cpp(113,2): warning C4996: 'vsprintf': This function or variable may be unsafe. Consider using vsprintf_s instead. To disable deprecation, use _CRT_SECURE_NO_WARNINGS. See online help for details.
  MutexProxy.cpp
  PropertyValuesHolder.cpp
C:\Users\user\OneDrive\Audinos\SynAssembler\AudioEngine\AudioEngine\Facilities\General\PropertyValuesHolder.cpp(92,65): warning C4267: 'inizializzazione': conversione da 'size_t' a 'unsigned int'. Possibile perdita di dati.
  StringProperty.cpp
  Generazione del codice in corso...
  Compilazione in corso...
  textfile.cpp
  TimeBase.cpp
  BasicElaborationUnits.cpp
  BasicEUFactory.cpp
C:\Users\user\OneDrive\Audinos\SynAssembler\AudioEngine\AudioEngine\Facilities\Audio\SimpleGenerator.h(97,3): warning C4996: 'sprintf': This function or variable may be unsafe. Consider using sprintf_s instead. To disable deprecation, use _CRT_SECURE_NO_WARNINGS. See online help for details.
C:\Users\user\OneDrive\Audinos\SynAssembler\AudioEngine\AudioEngine\Facilities\Audio\SimpleGenerator.h(115,3): warning C4996: 'sprintf': This function or variable may be unsafe. Consider using sprintf_s instead. To disable deprecation, use _CRT_SECURE_NO_WARNINGS. See online help for details.
C:\Users\user\OneDrive\Audinos\SynAssembler\AudioEngine\AudioEngine\Facilities\Audio\SimpleGenerator.h(133,3): warning C4996: 'sprintf': This function or variable may be unsafe. Consider using sprintf_s instead. To disable deprecation, use _CRT_SECURE_NO_WARNINGS. See online help for details.
C:\Users\user\OneDrive\Audinos\SynAssembler\AudioEngine\AudioEngine\Facilities\Audio\SimpleGenerator.h(151,3): warning C4996: 'sprintf': This function or variable may be unsafe. Consider using sprintf_s instead. To disable deprecation, use _CRT_SECURE_NO_WARNINGS. See online help for details.
C:\Users\user\OneDrive\Audinos\SynAssembler\AudioEngine\AudioEngine\Facilities\Audio\SimpleGenerator.h(169,3): warning C4996: 'sprintf': This function or variable may be unsafe. Consider using sprintf_s instead. To disable deprecation, use _CRT_SECURE_NO_WARNINGS. See online help for details.
C:\Users\user\OneDrive\Audinos\SynAssembler\AudioEngine\AudioEngine\Facilities\Audio\SimpleGenerator.h(187,3): warning C4996: 'sprintf': This function or variable may be unsafe. Consider using sprintf_s instead. To disable deprecation, use _CRT_SECURE_NO_WARNINGS. See online help for details.
C:\Users\user\OneDrive\Audinos\SynAssembler\AudioEngine\AudioEngine\Facilities\Audio\SimpleGenerator.h(205,3): warning C4996: 'sprintf': This function or variable may be unsafe. Consider using sprintf_s instead. To disable deprecation, use _CRT_SECURE_NO_WARNINGS. See online help for details.
C:\Users\user\OneDrive\Audinos\SynAssembler\AudioEngine\AudioEngine\Facilities\Audio\SimpleGenerator.h(223,3): warning C4996: 'sprintf': This function or variable may be unsafe. Consider using sprintf_s instead. To disable deprecation, use _CRT_SECURE_NO_WARNINGS. See online help for details.
C:\Users\user\OneDrive\Audinos\SynAssembler\AudioEngine\AudioEngine\Facilities\Audio\SimpleGenerator.h(241,3): warning C4996: 'sprintf': This function or variable may be unsafe. Consider using sprintf_s instead. To disable deprecation, use _CRT_SECURE_NO_WARNINGS. See online help for details.
C:\Users\user\OneDrive\Audinos\SynAssembler\AudioEngine\AudioEngine\Facilities\Audio\SimpleGenerator.h(259,3): warning C4996: 'sprintf': This function or variable may be unsafe. Consider using sprintf_s instead. To disable deprecation, use _CRT_SECURE_NO_WARNINGS. See online help for details.
C:\Users\user\OneDrive\Audinos\SynAssembler\AudioEngine\AudioEngine\Facilities\Audio\SimpleGenerator.h(277,3): warning C4996: 'sprintf': This function or variable may be unsafe. Consider using sprintf_s instead. To disable deprecation, use _CRT_SECURE_NO_WARNINGS. See online help for details.
C:\Users\user\OneDrive\Audinos\SynAssembler\AudioEngine\AudioEngine\Facilities\Audio\SimpleGenerator.h(296,3): warning C4996: 'sprintf': This function or variable may be unsafe. Consider using sprintf_s instead. To disable deprecation, use _CRT_SECURE_NO_WARNINGS. See online help for details.
C:\Users\user\OneDrive\Audinos\SynAssembler\AudioEngine\AudioEngine\Facilities\Audio\SimpleGenerator.h(315,3): warning C4996: 'sprintf': This function or variable may be unsafe. Consider using sprintf_s instead. To disable deprecation, use _CRT_SECURE_NO_WARNINGS. See online help for details.
C:\Users\user\OneDrive\Audinos\SynAssembler\AudioEngine\BasicElaborationUnits\ElaborationUnits\Oscillator.h(64,3): warning C4996: 'sprintf': This function or variable may be unsafe. Consider using sprintf_s instead. To disable deprecation, use _CRT_SECURE_NO_WARNINGS. See online help for details.
C:\Users\user\OneDrive\Audinos\SynAssembler\AudioEngine\BasicElaborationUnits\ElaborationUnits\Oscillator.h(83,3): warning C4996: 'sprintf': This function or variable may be unsafe. Consider using sprintf_s instead. To disable deprecation, use _CRT_SECURE_NO_WARNINGS. See online help for details.
C:\Users\user\OneDrive\Audinos\SynAssembler\AudioEngine\BasicElaborationUnits\ElaborationUnits\PCMWaveform.h(76,3): warning C4996: 'sprintf': This function or variable may be unsafe. Consider using sprintf_s instead. To disable deprecation, use _CRT_SECURE_NO_WARNINGS. See online help for details.
C:\Users\user\OneDrive\Audinos\SynAssembler\AudioEngine\BasicElaborationUnits\ElaborationUnits\Mixer.h(131,3): warning C4996: 'sprintf': This function or variable may be unsafe. Consider using sprintf_s instead. To disable deprecation, use _CRT_SECURE_NO_WARNINGS. See online help for details.
C:\Users\user\OneDrive\Audinos\SynAssembler\AudioEngine\BasicElaborationUnits\ElaborationUnits\Mixer.h(169,1): warning C4154: eliminazione di un'espressione di matrice. Fornita conversione a puntatore
  MIDISequencePlayer.cpp
  MIDISequencePlayerKind.cpp
  Mixer.cpp
C:\Users\user\OneDrive\Audinos\SynAssembler\AudioEngine\BasicElaborationUnits\ElaborationUnits\Mixer.h(131,3): warning C4996: 'sprintf': This function or variable may be unsafe. Consider using sprintf_s instead. To disable deprecation, use _CRT_SECURE_NO_WARNINGS. See online help for details.
C:\Users\user\OneDrive\Audinos\SynAssembler\AudioEngine\BasicElaborationUnits\ElaborationUnits\Mixer.h(169,1): warning C4154: eliminazione di un'espressione di matrice. Fornita conversione a puntatore
  MixerKind.cpp
C:\Users\user\OneDrive\Audinos\SynAssembler\AudioEngine\BasicElaborationUnits\ElaborationUnits\Mixer.h(131,3): warning C4996: 'sprintf': This function or variable may be unsafe. Consider using sprintf_s instead. To disable deprecation, use _CRT_SECURE_NO_WARNINGS. See online help for details.
C:\Users\user\OneDrive\Audinos\SynAssembler\AudioEngine\BasicElaborationUnits\ElaborationUnits\Mixer.h(169,1): warning C4154: eliminazione di un'espressione di matrice. Fornita conversione a puntatore
C:\Users\user\OneDrive\Audinos\SynAssembler\AudioEngine\BasicElaborationUnits\ElaborationUnits\MixerKind.cpp(22,3): warning C4996: 'sprintf': This function or variable may be unsafe. Consider using sprintf_s instead. To disable deprecation, use _CRT_SECURE_NO_WARNINGS. See online help for details.
C:\Users\user\OneDrive\Audinos\SynAssembler\AudioEngine\BasicElaborationUnits\ElaborationUnits\MixerKind.cpp(52,3): warning C4996: 'sprintf': This function or variable may be unsafe. Consider using sprintf_s instead. To disable deprecation, use _CRT_SECURE_NO_WARNINGS. See online help for details.
  Oscillator.cpp
C:\Users\user\OneDrive\Audinos\SynAssembler\AudioEngine\AudioEngine\Facilities\Audio\SimpleGenerator.h(97,3): warning C4996: 'sprintf': This function or variable may be unsafe. Consider using sprintf_s instead. To disable deprecation, use _CRT_SECURE_NO_WARNINGS. See online help for details.
C:\Users\user\OneDrive\Audinos\SynAssembler\AudioEngine\AudioEngine\Facilities\Audio\SimpleGenerator.h(115,3): warning C4996: 'sprintf': This function or variable may be unsafe. Consider using sprintf_s instead. To disable deprecation, use _CRT_SECURE_NO_WARNINGS. See online help for details.
C:\Users\user\OneDrive\Audinos\SynAssembler\AudioEngine\AudioEngine\Facilities\Audio\SimpleGenerator.h(133,3): warning C4996: 'sprintf': This function or variable may be unsafe. Consider using sprintf_s instead. To disable deprecation, use _CRT_SECURE_NO_WARNINGS. See online help for details.
C:\Users\user\OneDrive\Audinos\SynAssembler\AudioEngine\AudioEngine\Facilities\Audio\SimpleGenerator.h(151,3): warning C4996: 'sprintf': This function or variable may be unsafe. Consider using sprintf_s instead. To disable deprecation, use _CRT_SECURE_NO_WARNINGS. See online help for details.
C:\Users\user\OneDrive\Audinos\SynAssembler\AudioEngine\AudioEngine\Facilities\Audio\SimpleGenerator.h(169,3): warning C4996: 'sprintf': This function or variable may be unsafe. Consider using sprintf_s instead. To disable deprecation, use _CRT_SECURE_NO_WARNINGS. See online help for details.
C:\Users\user\OneDrive\Audinos\SynAssembler\AudioEngine\AudioEngine\Facilities\Audio\SimpleGenerator.h(187,3): warning C4996: 'sprintf': This function or variable may be unsafe. Consider using sprintf_s instead. To disable deprecation, use _CRT_SECURE_NO_WARNINGS. See online help for details.
C:\Users\user\OneDrive\Audinos\SynAssembler\AudioEngine\AudioEngine\Facilities\Audio\SimpleGenerator.h(205,3): warning C4996: 'sprintf': This function or variable may be unsafe. Consider using sprintf_s instead. To disable deprecation, use _CRT_SECURE_NO_WARNINGS. See online help for details.
C:\Users\user\OneDrive\Audinos\SynAssembler\AudioEngine\AudioEngine\Facilities\Audio\SimpleGenerator.h(223,3): warning C4996: 'sprintf': This function or variable may be unsafe. Consider using sprintf_s instead. To disable deprecation, use _CRT_SECURE_NO_WARNINGS. See online help for details.
C:\Users\user\OneDrive\Audinos\SynAssembler\AudioEngine\AudioEngine\Facilities\Audio\SimpleGenerator.h(241,3): warning C4996: 'sprintf': This function or variable may be unsafe. Consider using sprintf_s instead. To disable deprecation, use _CRT_SECURE_NO_WARNINGS. See online help for details.
C:\Users\user\OneDrive\Audinos\SynAssembler\AudioEngine\AudioEngine\Facilities\Audio\SimpleGenerator.h(259,3): warning C4996: 'sprintf': This function or variable may be unsafe. Consider using sprintf_s instead. To disable deprecation, use _CRT_SECURE_NO_WARNINGS. See online help for details.
C:\Users\user\OneDrive\Audinos\SynAssembler\AudioEngine\AudioEngine\Facilities\Audio\SimpleGenerator.h(277,3): warning C4996: 'sprintf': This function or variable may be unsafe. Consider using sprintf_s instead. To disable deprecation, use _CRT_SECURE_NO_WARNINGS. See online help for details.
C:\Users\user\OneDrive\Audinos\SynAssembler\AudioEngine\AudioEngine\Facilities\Audio\SimpleGenerator.h(296,3): warning C4996: 'sprintf': This function or variable may be unsafe. Consider using sprintf_s instead. To disable deprecation, use _CRT_SECURE_NO_WARNINGS. See online help for details.
C:\Users\user\OneDrive\Audinos\SynAssembler\AudioEngine\AudioEngine\Facilities\Audio\SimpleGenerator.h(315,3): warning C4996: 'sprintf': This function or variable may be unsafe. Consider using sprintf_s instead. To disable deprecation, use _CRT_SECURE_NO_WARNINGS. See online help for details.
C:\Users\user\OneDrive\Audinos\SynAssembler\AudioEngine\BasicElaborationUnits\ElaborationUnits\Oscillator.h(64,3): warning C4996: 'sprintf': This function or variable may be unsafe. Consider using sprintf_s instead. To disable deprecation, use _CRT_SECURE_NO_WARNINGS. See online help for details.
C:\Users\user\OneDrive\Audinos\SynAssembler\AudioEngine\BasicElaborationUnits\ElaborationUnits\Oscillator.h(83,3): warning C4996: 'sprintf': This function or variable may be unsafe. Consider using sprintf_s instead. To disable deprecation, use _CRT_SECURE_NO_WARNINGS. See online help for details.
  OscillatorKind.cpp
C:\Users\user\OneDrive\Audinos\SynAssembler\AudioEngine\AudioEngine\Facilities\Audio\SimpleGenerator.h(97,3): warning C4996: 'sprintf': This function or variable may be unsafe. Consider using sprintf_s instead. To disable deprecation, use _CRT_SECURE_NO_WARNINGS. See online help for details.
C:\Users\user\OneDrive\Audinos\SynAssembler\AudioEngine\AudioEngine\Facilities\Audio\SimpleGenerator.h(115,3): warning C4996: 'sprintf': This function or variable may be unsafe. Consider using sprintf_s instead. To disable deprecation, use _CRT_SECURE_NO_WARNINGS. See online help for details.
C:\Users\user\OneDrive\Audinos\SynAssembler\AudioEngine\AudioEngine\Facilities\Audio\SimpleGenerator.h(133,3): warning C4996: 'sprintf': This function or variable may be unsafe. Consider using sprintf_s instead. To disable deprecation, use _CRT_SECURE_NO_WARNINGS. See online help for details.
C:\Users\user\OneDrive\Audinos\SynAssembler\AudioEngine\AudioEngine\Facilities\Audio\SimpleGenerator.h(151,3): warning C4996: 'sprintf': This function or variable may be unsafe. Consider using sprintf_s instead. To disable deprecation, use _CRT_SECURE_NO_WARNINGS. See online help for details.
C:\Users\user\OneDrive\Audinos\SynAssembler\AudioEngine\AudioEngine\Facilities\Audio\SimpleGenerator.h(169,3): warning C4996: 'sprintf': This function or variable may be unsafe. Consider using sprintf_s instead. To disable deprecation, use _CRT_SECURE_NO_WARNINGS. See online help for details.
C:\Users\user\OneDrive\Audinos\SynAssembler\AudioEngine\AudioEngine\Facilities\Audio\SimpleGenerator.h(187,3): warning C4996: 'sprintf': This function or variable may be unsafe. Consider using sprintf_s instead. To disable deprecation, use _CRT_SECURE_NO_WARNINGS. See online help for details.
C:\Users\user\OneDrive\Audinos\SynAssembler\AudioEngine\AudioEngine\Facilities\Audio\SimpleGenerator.h(205,3): warning C4996: 'sprintf': This function or variable may be unsafe. Consider using sprintf_s instead. To disable deprecation, use _CRT_SECURE_NO_WARNINGS. See online help for details.
C:\Users\user\OneDrive\Audinos\SynAssembler\AudioEngine\AudioEngine\Facilities\Audio\SimpleGenerator.h(223,3): warning C4996: 'sprintf': This function or variable may be unsafe. Consider using sprintf_s instead. To disable deprecation, use _CRT_SECURE_NO_WARNINGS. See online help for details.
C:\Users\user\OneDrive\Audinos\SynAssembler\AudioEngine\AudioEngine\Facilities\Audio\SimpleGenerator.h(241,3): warning C4996: 'sprintf': This function or variable may be unsafe. Consider using sprintf_s instead. To disable deprecation, use _CRT_SECURE_NO_WARNINGS. See online help for details.
C:\Users\user\OneDrive\Audinos\SynAssembler\AudioEngine\AudioEngine\Facilities\Audio\SimpleGenerator.h(259,3): warning C4996: 'sprintf': This function or variable may be unsafe. Consider using sprintf_s instead. To disable deprecation, use _CRT_SECURE_NO_WARNINGS. See online help for details.
C:\Users\user\OneDrive\Audinos\SynAssembler\AudioEngine\AudioEngine\Facilities\Audio\SimpleGenerator.h(277,3): warning C4996: 'sprintf': This function or variable may be unsafe. Consider using sprintf_s instead. To disable deprecation, use _CRT_SECURE_NO_WARNINGS. See online help for details.
C:\Users\user\OneDrive\Audinos\SynAssembler\AudioEngine\AudioEngine\Facilities\Audio\SimpleGenerator.h(296,3): warning C4996: 'sprintf': This function or variable may be unsafe. Consider using sprintf_s instead. To disable deprecation, use _CRT_SECURE_NO_WARNINGS. See online help for details.
C:\Users\user\OneDrive\Audinos\SynAssembler\AudioEngine\AudioEngine\Facilities\Audio\SimpleGenerator.h(315,3): warning C4996: 'sprintf': This function or variable may be unsafe. Consider using sprintf_s instead. To disable deprecation, use _CRT_SECURE_NO_WARNINGS. See online help for details.
C:\Users\user\OneDrive\Audinos\SynAssembler\AudioEngine\BasicElaborationUnits\ElaborationUnits\Oscillator.h(64,3): warning C4996: 'sprintf': This function or variable may be unsafe. Consider using sprintf_s instead. To disable deprecation, use _CRT_SECURE_NO_WARNINGS. See online help for details.
C:\Users\user\OneDrive\Audinos\SynAssembler\AudioEngine\BasicElaborationUnits\ElaborationUnits\Oscillator.h(83,3): warning C4996: 'sprintf': This function or variable may be unsafe. Consider using sprintf_s instead. To disable deprecation, use _CRT_SECURE_NO_WARNINGS. See online help for details.
  AbstractElaborationUnit.cpp
  AbstractElaborationUnitFactory.cpp
C:\Users\user\OneDrive\Audinos\SynAssembler\AudioEngine\AudioEngine\ElaborationUnits\AbstractElaborationUnitFactory.cpp(15,40): warning C4267: 'inizializzazione': conversione da 'size_t' a 'int'. Possibile perdita di dati.
  Algorithm.cpp
  AudioOutput.cpp
  ConcretePort.cpp
  ElaborationUnit.cpp
  ElaborationUnitFactory.cpp
  ElaborationUnitPort.cpp
  EUKind.cpp
  MIDIChannelMessage.cpp
  Generazione del codice in corso...
  Compilazione in corso...
  ModuleServices.cpp
  PhysicalElaborationUnit.cpp
  ProxyElaborationUnit.cpp
  VirtualElaborationUnit.cpp
  PCMWaveform.cpp
C:\Users\user\OneDrive\Audinos\SynAssembler\AudioEngine\AudioEngine\Facilities\Audio\SimpleGenerator.h(97,3): warning C4996: 'sprintf': This function or variable may be unsafe. Consider using sprintf_s instead. To disable deprecation, use _CRT_SECURE_NO_WARNINGS. See online help for details.
C:\Users\user\OneDrive\Audinos\SynAssembler\AudioEngine\AudioEngine\Facilities\Audio\SimpleGenerator.h(115,3): warning C4996: 'sprintf': This function or variable may be unsafe. Consider using sprintf_s instead. To disable deprecation, use _CRT_SECURE_NO_WARNINGS. See online help for details.
C:\Users\user\OneDrive\Audinos\SynAssembler\AudioEngine\AudioEngine\Facilities\Audio\SimpleGenerator.h(133,3): warning C4996: 'sprintf': This function or variable may be unsafe. Consider using sprintf_s instead. To disable deprecation, use _CRT_SECURE_NO_WARNINGS. See online help for details.
C:\Users\user\OneDrive\Audinos\SynAssembler\AudioEngine\AudioEngine\Facilities\Audio\SimpleGenerator.h(151,3): warning C4996: 'sprintf': This function or variable may be unsafe. Consider using sprintf_s instead. To disable deprecation, use _CRT_SECURE_NO_WARNINGS. See online help for details.
C:\Users\user\OneDrive\Audinos\SynAssembler\AudioEngine\AudioEngine\Facilities\Audio\SimpleGenerator.h(169,3): warning C4996: 'sprintf': This function or variable may be unsafe. Consider using sprintf_s instead. To disable deprecation, use _CRT_SECURE_NO_WARNINGS. See online help for details.
C:\Users\user\OneDrive\Audinos\SynAssembler\AudioEngine\AudioEngine\Facilities\Audio\SimpleGenerator.h(187,3): warning C4996: 'sprintf': This function or variable may be unsafe. Consider using sprintf_s instead. To disable deprecation, use _CRT_SECURE_NO_WARNINGS. See online help for details.
C:\Users\user\OneDrive\Audinos\SynAssembler\AudioEngine\AudioEngine\Facilities\Audio\SimpleGenerator.h(205,3): warning C4996: 'sprintf': This function or variable may be unsafe. Consider using sprintf_s instead. To disable deprecation, use _CRT_SECURE_NO_WARNINGS. See online help for details.
C:\Users\user\OneDrive\Audinos\SynAssembler\AudioEngine\AudioEngine\Facilities\Audio\SimpleGenerator.h(223,3): warning C4996: 'sprintf': This function or variable may be unsafe. Consider using sprintf_s instead. To disable deprecation, use _CRT_SECURE_NO_WARNINGS. See online help for details.
C:\Users\user\OneDrive\Audinos\SynAssembler\AudioEngine\AudioEngine\Facilities\Audio\SimpleGenerator.h(241,3): warning C4996: 'sprintf': This function or variable may be unsafe. Consider using sprintf_s instead. To disable deprecation, use _CRT_SECURE_NO_WARNINGS. See online help for details.
C:\Users\user\OneDrive\Audinos\SynAssembler\AudioEngine\AudioEngine\Facilities\Audio\SimpleGenerator.h(259,3): warning C4996: 'sprintf': This function or variable may be unsafe. Consider using sprintf_s instead. To disable deprecation, use _CRT_SECURE_NO_WARNINGS. See online help for details.
C:\Users\user\OneDrive\Audinos\SynAssembler\AudioEngine\AudioEngine\Facilities\Audio\SimpleGenerator.h(277,3): warning C4996: 'sprintf': This function or variable may be unsafe. Consider using sprintf_s instead. To disable deprecation, use _CRT_SECURE_NO_WARNINGS. See online help for details.
C:\Users\user\OneDrive\Audinos\SynAssembler\AudioEngine\AudioEngine\Facilities\Audio\SimpleGenerator.h(296,3): warning C4996: 'sprintf': This function or variable may be unsafe. Consider using sprintf_s instead. To disable deprecation, use _CRT_SECURE_NO_WARNINGS. See online help for details.
C:\Users\user\OneDrive\Audinos\SynAssembler\AudioEngine\AudioEngine\Facilities\Audio\SimpleGenerator.h(315,3): warning C4996: 'sprintf': This function or variable may be unsafe. Consider using sprintf_s instead. To disable deprecation, use _CRT_SECURE_NO_WARNINGS. See online help for details.
C:\Users\user\OneDrive\Audinos\SynAssembler\AudioEngine\BasicElaborationUnits\ElaborationUnits\PCMWaveform.h(76,3): warning C4996: 'sprintf': This function or variable may be unsafe. Consider using sprintf_s instead. To disable deprecation, use _CRT_SECURE_NO_WARNINGS. See online help for details.
C:\Users\user\OneDrive\Audinos\SynAssembler\AudioEngine\BasicElaborationUnits\ElaborationUnits\PCMWaveform.cpp(59,15): warning C4996: 'fopen': This function or variable may be unsafe. Consider using fopen_s instead. To disable deprecation, use _CRT_SECURE_NO_WARNINGS. See online help for details.
C:\Users\user\OneDrive\Audinos\SynAssembler\AudioEngine\BasicElaborationUnits\ElaborationUnits\PCMWaveform.cpp(212,27): warning C4477: 'sscanf': con la stringa di formato '%f' è necessario un argomento di tipo 'float *', ma il tipo dell'argomento variadic 1 è 'double *'
C:\Users\user\OneDrive\Audinos\SynAssembler\AudioEngine\BasicElaborationUnits\ElaborationUnits\PCMWaveform.cpp(212,27): message : provare a usare '%lf' nella stringa di formato
C:\Users\user\OneDrive\Audinos\SynAssembler\AudioEngine\BasicElaborationUnits\ElaborationUnits\PCMWaveform.cpp(212,14): warning C4996: 'sscanf': This function or variable may be unsafe. Consider using sscanf_s instead. To disable deprecation, use _CRT_SECURE_NO_WARNINGS. See online help for details.
C:\Users\user\OneDrive\Audinos\SynAssembler\AudioEngine\BasicElaborationUnits\ElaborationUnits\PCMWaveform.cpp(236,14): warning C4996: 'sscanf': This function or variable may be unsafe. Consider using sscanf_s instead. To disable deprecation, use _CRT_SECURE_NO_WARNINGS. See online help for details.
C:\Users\user\OneDrive\Audinos\SynAssembler\AudioEngine\BasicElaborationUnits\ElaborationUnits\PCMWaveform.cpp(277,31): warning C4477: 'sprintf_s': con la stringa di formato '%d' è necessario un argomento di tipo 'int', ma il tipo dell'argomento variadic 1 è 'double'
  PCMWaveformKind.cpp
C:\Users\user\OneDrive\Audinos\SynAssembler\AudioEngine\AudioEngine\Facilities\Audio\SimpleGenerator.h(97,3): warning C4996: 'sprintf': This function or variable may be unsafe. Consider using sprintf_s instead. To disable deprecation, use _CRT_SECURE_NO_WARNINGS. See online help for details.
C:\Users\user\OneDrive\Audinos\SynAssembler\AudioEngine\AudioEngine\Facilities\Audio\SimpleGenerator.h(115,3): warning C4996: 'sprintf': This function or variable may be unsafe. Consider using sprintf_s instead. To disable deprecation, use _CRT_SECURE_NO_WARNINGS. See online help for details.
C:\Users\user\OneDrive\Audinos\SynAssembler\AudioEngine\AudioEngine\Facilities\Audio\SimpleGenerator.h(133,3): warning C4996: 'sprintf': This function or variable may be unsafe. Consider using sprintf_s instead. To disable deprecation, use _CRT_SECURE_NO_WARNINGS. See online help for details.
C:\Users\user\OneDrive\Audinos\SynAssembler\AudioEngine\AudioEngine\Facilities\Audio\SimpleGenerator.h(151,3): warning C4996: 'sprintf': This function or variable may be unsafe. Consider using sprintf_s instead. To disable deprecation, use _CRT_SECURE_NO_WARNINGS. See online help for details.
C:\Users\user\OneDrive\Audinos\SynAssembler\AudioEngine\AudioEngine\Facilities\Audio\SimpleGenerator.h(169,3): warning C4996: 'sprintf': This function or variable may be unsafe. Consider using sprintf_s instead. To disable deprecation, use _CRT_SECURE_NO_WARNINGS. See online help for details.
C:\Users\user\OneDrive\Audinos\SynAssembler\AudioEngine\AudioEngine\Facilities\Audio\SimpleGenerator.h(187,3): warning C4996: 'sprintf': This function or variable may be unsafe. Consider using sprintf_s instead. To disable deprecation, use _CRT_SECURE_NO_WARNINGS. See online help for details.
C:\Users\user\OneDrive\Audinos\SynAssembler\AudioEngine\AudioEngine\Facilities\Audio\SimpleGenerator.h(205,3): warning C4996: 'sprintf': This function or variable may be unsafe. Consider using sprintf_s instead. To disable deprecation, use _CRT_SECURE_NO_WARNINGS. See online help for details.
C:\Users\user\OneDrive\Audinos\SynAssembler\AudioEngine\AudioEngine\Facilities\Audio\SimpleGenerator.h(223,3): warning C4996: 'sprintf': This function or variable may be unsafe. Consider using sprintf_s instead. To disable deprecation, use _CRT_SECURE_NO_WARNINGS. See online help for details.
C:\Users\user\OneDrive\Audinos\SynAssembler\AudioEngine\AudioEngine\Facilities\Audio\SimpleGenerator.h(241,3): warning C4996: 'sprintf': This function or variable may be unsafe. Consider using sprintf_s instead. To disable deprecation, use _CRT_SECURE_NO_WARNINGS. See online help for details.
C:\Users\user\OneDrive\Audinos\SynAssembler\AudioEngine\AudioEngine\Facilities\Audio\SimpleGenerator.h(259,3): warning C4996: 'sprintf': This function or variable may be unsafe. Consider using sprintf_s instead. To disable deprecation, use _CRT_SECURE_NO_WARNINGS. See online help for details.
C:\Users\user\OneDrive\Audinos\SynAssembler\AudioEngine\AudioEngine\Facilities\Audio\SimpleGenerator.h(277,3): warning C4996: 'sprintf': This function or variable may be unsafe. Consider using sprintf_s instead. To disable deprecation, use _CRT_SECURE_NO_WARNINGS. See online help for details.
C:\Users\user\OneDrive\Audinos\SynAssembler\AudioEngine\AudioEngine\Facilities\Audio\SimpleGenerator.h(296,3): warning C4996: 'sprintf': This function or variable may be unsafe. Consider using sprintf_s instead. To disable deprecation, use _CRT_SECURE_NO_WARNINGS. See online help for details.
C:\Users\user\OneDrive\Audinos\SynAssembler\AudioEngine\AudioEngine\Facilities\Audio\SimpleGenerator.h(315,3): warning C4996: 'sprintf': This function or variable may be unsafe. Consider using sprintf_s instead. To disable deprecation, use _CRT_SECURE_NO_WARNINGS. See online help for details.
C:\Users\user\OneDrive\Audinos\SynAssembler\AudioEngine\BasicElaborationUnits\ElaborationUnits\PCMWaveform.h(76,3): warning C4996: 'sprintf': This function or variable may be unsafe. Consider using sprintf_s instead. To disable deprecation, use _CRT_SECURE_NO_WARNINGS. See online help for details.
  Generazione del codice in corso...
     Creazione della libreria C:\Users\user\OneDrive\Audinos\SynAssembler\AudioEngine\x64\Debug\BasicElaborationUnits.lib e dell'oggetto C:\Users\user\OneDrive\Audinos\SynAssembler\AudioEngine\x64\Debug\BasicElaborationUnits.exp
  BasicElaborationUnits.vcxproj -> C:\Users\user\OneDrive\Audinos\SynAssembler\AudioEngine\x64\Debug\BasicElaborationUnits.dll
