c:\users\user\onedrive\audinos\synassembler\audioengine\inputoutput\x64\debug\vc142.pdb
c:\users\user\onedrive\audinos\synassembler\audioengine\inputoutput\x64\debug\abstractelaborationunitfactory.obj
c:\users\user\onedrive\audinos\synassembler\audioengine\inputoutput\x64\debug\abstractelaborationunit.obj
c:\users\user\onedrive\audinos\synassembler\audioengine\inputoutput\x64\debug\polykeyboardkind.obj
c:\users\user\onedrive\audinos\synassembler\audioengine\inputoutput\x64\debug\polykeyboard.obj
c:\users\user\onedrive\audinos\synassembler\audioengine\inputoutput\x64\debug\midiinputkind.obj
c:\users\user\onedrive\audinos\synassembler\audioengine\inputoutput\x64\debug\midiinput.obj
c:\users\user\onedrive\audinos\synassembler\audioengine\inputoutput\x64\debug\midichannelmessage.obj
c:\users\user\onedrive\audinos\synassembler\audioengine\inputoutput\x64\debug\inputoutputfactory.obj
c:\users\user\onedrive\audinos\synassembler\audioengine\inputoutput\x64\debug\inputoutput.obj
c:\users\user\onedrive\audinos\synassembler\audioengine\inputoutput\x64\debug\pckeyboardkind.obj
c:\users\user\onedrive\audinos\synassembler\audioengine\inputoutput\x64\debug\pckeyboard.obj
c:\users\user\onedrive\audinos\synassembler\audioengine\inputoutput\x64\debug\directsoundoutputkind.obj
c:\users\user\onedrive\audinos\synassembler\audioengine\inputoutput\x64\debug\directsoundoutput.obj
c:\users\user\onedrive\audinos\synassembler\audioengine\inputoutput\x64\debug\timebase.obj
c:\users\user\onedrive\audinos\synassembler\audioengine\inputoutput\x64\debug\textfile.obj
c:\users\user\onedrive\audinos\synassembler\audioengine\inputoutput\x64\debug\propertyvaluesholder.obj
c:\users\user\onedrive\audinos\synassembler\audioengine\inputoutput\x64\debug\logger.obj
c:\users\user\onedrive\audinos\synassembler\audioengine\inputoutput\x64\debug\hpslib.obj
c:\users\user\onedrive\audinos\synassembler\audioengine\inputoutput\x64\debug\wavelogger.obj
c:\users\user\onedrive\audinos\synassembler\audioengine\inputoutput\x64\debug\abstracteukind.obj
c:\users\user\onedrive\audinos\synassembler\audioengine\inputoutput\x64\debug\virtualelaborationunit.obj
c:\users\user\onedrive\audinos\synassembler\audioengine\inputoutput\x64\debug\proxyelaborationunit.obj
c:\users\user\onedrive\audinos\synassembler\audioengine\inputoutput\x64\debug\physicalelaborationunit.obj
c:\users\user\onedrive\audinos\synassembler\audioengine\inputoutput\x64\debug\moduleservices.obj
c:\users\user\onedrive\audinos\synassembler\audioengine\inputoutput\x64\debug\eukind.obj
c:\users\user\onedrive\audinos\synassembler\audioengine\inputoutput\x64\debug\elaborationunitport.obj
c:\users\user\onedrive\audinos\synassembler\audioengine\inputoutput\x64\debug\elaborationunitfactory.obj
c:\users\user\onedrive\audinos\synassembler\audioengine\inputoutput\x64\debug\elaborationunit.obj
c:\users\user\onedrive\audinos\synassembler\audioengine\inputoutput\x64\debug\concreteport.obj
c:\users\user\onedrive\audinos\synassembler\audioengine\inputoutput\x64\debug\audiooutput.obj
c:\users\user\onedrive\audinos\synassembler\audioengine\inputoutput\x64\debug\algorithm.obj
c:\users\user\onedrive\audinos\synassembler\audioengine\inputoutput\x64\debug\abstractphysicalelaborationunitfactory.obj
c:\users\user\onedrive\audinos\synassembler\audioengine\x64\debug\inputoutput.lib
c:\users\user\onedrive\audinos\synassembler\audioengine\x64\debug\inputoutput.exp
c:\users\user\onedrive\audinos\synassembler\audioengine\x64\debug\inputoutput.dll
c:\users\user\onedrive\audinos\synassembler\audioengine\x64\debug\inputoutput.ilk
c:\users\user\onedrive\audinos\synassembler\audioengine\x64\debug\inputoutput.pdb
c:\users\user\onedrive\audinos\synassembler\audioengine\inputoutput\x64\debug\inputoutput.tlog\cl.command.1.tlog
c:\users\user\onedrive\audinos\synassembler\audioengine\inputoutput\x64\debug\inputoutput.tlog\cl.read.1.tlog
c:\users\user\onedrive\audinos\synassembler\audioengine\inputoutput\x64\debug\inputoutput.tlog\cl.write.1.tlog
c:\users\user\onedrive\audinos\synassembler\audioengine\inputoutput\x64\debug\inputoutput.tlog\inputoutput.write.1u.tlog
c:\users\user\onedrive\audinos\synassembler\audioengine\inputoutput\x64\debug\inputoutput.tlog\link.command.1.tlog
c:\users\user\onedrive\audinos\synassembler\audioengine\inputoutput\x64\debug\inputoutput.tlog\link.read.1.tlog
c:\users\user\onedrive\audinos\synassembler\audioengine\inputoutput\x64\debug\inputoutput.tlog\link.write.1.tlog
